<?xml version="1.0" encoding="UTF-8"?>
<!-- Generated by org.testng.reporters.JUnitReportReporter -->
<testsuite skipped="0" hostname="cmallikarju-a01.vmware.com" name="TestNGSessions.ExceptionTimeOutTest" tests="1" failures="0" timestamp="2020-06-26T10:04:58 EDT" time="0.007" errors="0">
  <testcase name="test1" time="0.007" classname="TestNGSessions.ExceptionTimeOutTest"/>
  <system-out/>
</testsuite> <!-- TestNGSessions.ExceptionTimeOutTest -->
