<?xml version="1.0" encoding="UTF-8"?>
<!-- Generated by org.testng.reporters.JUnitReportReporter -->
<testsuite skipped="0" hostname="cmallikarju-a01.vmware.com" name="SeleniumSessions.PageTest" tests="1" failures="0" timestamp="2020-06-18T14:15:14 EDT" time="8.503" errors="0">
  <testcase name="testMethod" time="8.503" classname="SeleniumSessions.PageTest"/>
  <system-out/>
</testsuite> <!-- SeleniumSessions.PageTest -->
