<?xml version="1.0" encoding="UTF-8"?>
<!-- Generated by org.testng.reporters.JUnitReportReporter -->
<testsuite skipped="0" hostname="cmallikarju-a01.vmware.com" name="TestNGSessions.InvocationCountTest" tests="10" failures="0" timestamp="2020-06-26T09:53:31 EDT" time="0.016" errors="0">
  <testcase name="sum" time="0.003" classname="TestNGSessions.InvocationCountTest"/>
  <system-out/>
  <testcase name="sum" time="0.001" classname="TestNGSessions.InvocationCountTest"/>
  <system-out/>
  <testcase name="sum" time="0.001" classname="TestNGSessions.InvocationCountTest"/>
  <system-out/>
  <testcase name="sum" time="0.000" classname="TestNGSessions.InvocationCountTest"/>
  <system-out/>
  <testcase name="sum" time="0.007" classname="TestNGSessions.InvocationCountTest"/>
  <system-out/>
  <testcase name="sum" time="0.001" classname="TestNGSessions.InvocationCountTest"/>
  <system-out/>
  <testcase name="sum" time="0.001" classname="TestNGSessions.InvocationCountTest"/>
  <system-out/>
  <testcase name="sum" time="0.001" classname="TestNGSessions.InvocationCountTest"/>
  <system-out/>
  <testcase name="sum" time="0.001" classname="TestNGSessions.InvocationCountTest"/>
  <system-out/>
  <testcase name="sum" time="0.000" classname="TestNGSessions.InvocationCountTest"/>
  <system-out/>
</testsuite> <!-- TestNGSessions.InvocationCountTest -->
