<?xml version="1.0" encoding="UTF-8"?>
<!-- Generated by org.testng.reporters.JUnitReportReporter -->
<testsuite skipped="0" hostname="cmallikarju-a01.vmware.com" name="TestNGSessions.TestNGBasics" tests="2" failures="0" timestamp="2020-06-25T16:42:00 EDT" time="0.006" errors="0">
  <testcase name="googleTitleTest" time="0.005" classname="TestNGSessions.TestNGBasics"/>
  <system-out/>
  <testcase name="googleTitleTest2" time="0.001" classname="TestNGSessions.TestNGBasics"/>
  <system-out/>
</testsuite> <!-- TestNGSessions.TestNGBasics -->
