<?xml version="1.0" encoding="UTF-8"?>
<!-- Generated by org.testng.reporters.JUnitReportReporter -->
<testsuite skipped="0" hostname="cmallikarju-a01.vmware.com" name="TestNGSessions.TestNGFeatures" tests="3" failures="0" timestamp="2020-06-26T11:02:39 EDT" time="0.010" errors="0">
  <testcase name="Test2" time="0.001" classname="TestNGSessions.TestNGFeatures"/>
  <system-out/>
  <testcase name="Test3" time="0.002" classname="TestNGSessions.TestNGFeatures"/>
  <system-out/>
  <testcase name="Test1" time="0.007" classname="TestNGSessions.TestNGFeatures"/>
  <system-out/>
</testsuite> <!-- TestNGSessions.TestNGFeatures -->
